<?xml version="1.0" encoding="UTF-8"?>
<!-- Generated by org.testng.reporters.JUnitReportReporter -->
<testsuite skipped="0" hostname="VAIO" name="SeleniumPrograms.SeleniumTest" tests="6" failures="0" timestamp="11 Oct 2017 14:13:14 GMT" time="270.496" errors="0">
  <testcase name="openSeleniumRAVI" time="32.951" classname="SeleniumPrograms.SeleniumTest"/>
  <testcase name="openSeleniumRAVI" time="44.760" classname="SeleniumPrograms.SeleniumTest"/>
  <testcase name="openSeleniumRAVI" time="46.099" classname="SeleniumPrograms.SeleniumTest"/>
  <testcase name="openSeleniumRAVI" time="28.640" classname="SeleniumPrograms.SeleniumTest"/>
  <testcase name="openSeleniumRAVI" time="57.302" classname="SeleniumPrograms.SeleniumTest"/>
  <testcase name="openSeleniumRAVI" time="60.744" classname="SeleniumPrograms.SeleniumTest"/>
</testsuite> <!-- SeleniumPrograms.SeleniumTest -->
