<?xml version="1.0" encoding="UTF-8"?>
<!-- Generated by org.testng.reporters.JUnitReportReporter -->
<testsuite skipped="0" hostname="VAIO" name="com.virphy.TestNG.DataProvidersD" tests="4" failures="0" timestamp="08 Nov 2017 07:01:55 GMT" time="0.032" errors="0">
  <testcase name="EmployeeDetails" time="0.016" classname="com.virphy.TestNG.DataProvidersD"/>
  <testcase name="EmployeeDetails" time="0.000" classname="com.virphy.TestNG.DataProvidersD"/>
  <testcase name="EmployeeDetails" time="0.000" classname="com.virphy.TestNG.DataProvidersD"/>
  <testcase name="EmployeeDetails" time="0.016" classname="com.virphy.TestNG.DataProvidersD"/>
</testsuite> <!-- com.virphy.TestNG.DataProvidersD -->
