<?xml version="1.0" encoding="UTF-8"?>
<!-- Generated by org.testng.reporters.JUnitReportReporter -->
<testsuite skipped="0" hostname="VAIO" name="com.virphy.TestNG.SampleTestCase" tests="2" failures="0" timestamp="15 Sep 2017 12:48:55 GMT" time="0.000" errors="0">
  <testcase name="Dog" time="0.000" classname="com.virphy.TestNG.SampleTestCase"/>
  <testcase name="Cat" time="0.000" classname="com.virphy.TestNG.SampleTestCase"/>
</testsuite> <!-- com.virphy.TestNG.SampleTestCase -->
