<?xml version="1.0" encoding="UTF-8"?>
<!-- Generated by org.testng.reporters.JUnitReportReporter -->
<testsuite skipped="0" hostname="VAIO" name="com.virphy.TestNG.DataProvidersD" tests="4" failures="0" timestamp="27 Sep 2017 06:26:09 GMT" time="0.021" errors="0">
  <testcase name="EmployeeDetails" time="0.015" classname="com.virphy.TestNG.DataProvidersD"/>
  <testcase name="EmployeeDetails" time="0.003" classname="com.virphy.TestNG.DataProvidersD"/>
  <testcase name="EmployeeDetails" time="0.002" classname="com.virphy.TestNG.DataProvidersD"/>
  <testcase name="EmployeeDetails" time="0.001" classname="com.virphy.TestNG.DataProvidersD"/>
</testsuite> <!-- com.virphy.TestNG.DataProvidersD -->
