<?xml version="1.0" encoding="UTF-8"?>
<!-- Generated by org.testng.reporters.JUnitReportReporter -->
<testsuite skipped="0" hostname="VAIO" name="com.virphy.TestNG.DropNDownList" tests="2" failures="0" timestamp="18 Oct 2017 06:49:50 GMT" time="96.405" errors="0">
  <testcase name="screenshortofdropNdown" time="48.222" classname="com.virphy.TestNG.DropNDownList"/>
  <testcase name="screenshortofdropNdown" time="48.183" classname="com.virphy.TestNG.DropNDownList"/>
</testsuite> <!-- com.virphy.TestNG.DropNDownList -->
