<?xml version="1.0" encoding="UTF-8"?>
<!-- Generated by org.testng.reporters.JUnitReportReporter -->
<testsuite skipped="0" hostname="VAIO" name="com.virphy.TestNG.Before" tests="3" failures="0" timestamp="26 Sep 2017 10:01:38 GMT" time="0.032" errors="0">
  <testcase name="login1" time="0.016" classname="com.virphy.TestNG.Before"/>
  <testcase name="login2" time="0.000" classname="com.virphy.TestNG.Before"/>
  <testcase name="login3" time="0.016" classname="com.virphy.TestNG.Before"/>
</testsuite> <!-- com.virphy.TestNG.Before -->
