<?xml version="1.0" encoding="UTF-8"?>
<!-- Generated by org.testng.reporters.JUnitReportReporter -->
<testsuite skipped="0" hostname="VAIO" name="com.virphy.TestNG.HiddenPopUp" tests="2" failures="0" timestamp="16 Oct 2017 10:49:07 GMT" time="65.707" errors="0">
  <testcase name="hiddenpop" time="32.196" classname="com.virphy.TestNG.HiddenPopUp"/>
  <testcase name="hiddenpop" time="33.511" classname="com.virphy.TestNG.HiddenPopUp"/>
</testsuite> <!-- com.virphy.TestNG.HiddenPopUp -->
