<?xml version="1.0" encoding="UTF-8"?>
<!-- Generated by org.testng.reporters.JUnitReportReporter -->
<testsuite skipped="0" hostname="VAIO" name="com.virphy.TestNG.AlertPop" tests="2" failures="0" timestamp="17 Oct 2017 05:00:59 GMT" time="249.194" errors="0">
  <testcase name="alertpop" time="124.534" classname="com.virphy.TestNG.AlertPop"/>
  <testcase name="alertpop" time="124.660" classname="com.virphy.TestNG.AlertPop"/>
</testsuite> <!-- com.virphy.TestNG.AlertPop -->
