<?xml version="1.0" encoding="UTF-8"?>
<!-- Generated by org.testng.reporters.JUnitReportReporter -->
<testsuite skipped="0" hostname="VAIO" name="com.virphy.TestNG.IntenetExplorer" tests="1" failures="0" timestamp="26 Sep 2017 05:50:37 GMT" time="22.389" errors="0">
  <testcase name="login" time="22.389" classname="com.virphy.TestNG.IntenetExplorer"/>
</testsuite> <!-- com.virphy.TestNG.IntenetExplorer -->
