<?xml version="1.0" encoding="UTF-8"?>
<!-- Generated by org.testng.reporters.JUnitReportReporter -->
<testsuite skipped="0" hostname="VAIO" name="com.virphy.TestNG.CheckBox" tests="2" failures="0" timestamp="11 Oct 2017 06:32:48 GMT" time="64.945" errors="0">
  <testcase name="checkBoxRavi" time="34.126" classname="com.virphy.TestNG.CheckBox"/>
  <testcase name="checkBoxRavi" time="30.819" classname="com.virphy.TestNG.CheckBox"/>
</testsuite> <!-- com.virphy.TestNG.CheckBox -->
