<?xml version="1.0" encoding="UTF-8"?>
<!-- Generated by org.testng.reporters.JUnitReportReporter -->
<testsuite skipped="0" hostname="VAIO" name="SeleniumPrograms.Screenshort" tests="1" failures="0" timestamp="18 Oct 2017 06:06:31 GMT" time="129.977" errors="0">
  <testcase name="Screenshorttaken" time="129.977" classname="SeleniumPrograms.Screenshort"/>
</testsuite> <!-- SeleniumPrograms.Screenshort -->
