<?xml version="1.0" encoding="UTF-8"?>
<!-- Generated by org.testng.reporters.JUnitReportReporter -->
<testsuite skipped="0" hostname="VAIO" name="com.virphy.TestNG.AllLinks" tests="2" failures="0" timestamp="10 Oct 2017 10:00:38 GMT" time="65.380" errors="0">
  <testcase name="allLinksRavi" time="32.138" classname="com.virphy.TestNG.AllLinks"/>
  <testcase name="allLinksRavi" time="33.242" classname="com.virphy.TestNG.AllLinks"/>
</testsuite> <!-- com.virphy.TestNG.AllLinks -->
