<?xml version="1.0" encoding="UTF-8"?>
<!-- Generated by org.testng.reporters.JUnitReportReporter -->
<testsuite skipped="0" hostname="VAIO" name="com.virphy.TestNG.BeforeSuite1" tests="3" failures="0" timestamp="26 Sep 2017 11:11:07 GMT" time="0.014" errors="0">
  <testcase name="login3" time="0.005" classname="com.virphy.TestNG.BeforeSuite1"/>
  <testcase name="login1" time="0.007" classname="com.virphy.TestNG.BeforeSuite1"/>
  <testcase name="login2" time="0.002" classname="com.virphy.TestNG.BeforeSuite1"/>
</testsuite> <!-- com.virphy.TestNG.BeforeSuite1 -->
