<?xml version="1.0" encoding="UTF-8"?>
<!-- Generated by org.testng.reporters.JUnitReportReporter -->
<testsuite skipped="0" hostname="VAIO" name="SeleniumPrograms.SeleniumTest" tests="6" failures="0" timestamp="04 Oct 2017 09:12:31 GMT" time="178.830" errors="0">
  <testcase name="openSeleniumRAVI" time="29.463" classname="SeleniumPrograms.SeleniumTest"/>
  <testcase name="openSeleniumRAVI" time="15.609" classname="SeleniumPrograms.SeleniumTest"/>
  <testcase name="openSeleniumRAVI" time="30.203" classname="SeleniumPrograms.SeleniumTest"/>
  <testcase name="openSeleniumRAVI" time="40.606" classname="SeleniumPrograms.SeleniumTest"/>
  <testcase name="openSeleniumRAVI" time="43.810" classname="SeleniumPrograms.SeleniumTest"/>
  <testcase name="openSeleniumRAVI" time="19.139" classname="SeleniumPrograms.SeleniumTest"/>
</testsuite> <!-- SeleniumPrograms.SeleniumTest -->
