<?xml version="1.0" encoding="UTF-8"?>
<!-- Generated by org.testng.reporters.JUnitReportReporter -->
<testsuite skipped="0" hostname="VAIO" name="com.virphy.TestNG.FaceBookLogIN" tests="2" failures="0" timestamp="18 Oct 2017 06:13:34 GMT" time="98.042" errors="0">
  <testcase name="faceBookRavi" time="48.570" classname="com.virphy.TestNG.FaceBookLogIN"/>
  <testcase name="faceBookRavi" time="49.472" classname="com.virphy.TestNG.FaceBookLogIN"/>
</testsuite> <!-- com.virphy.TestNG.FaceBookLogIN -->
